version: (200506)

available memory: 64M bytes
used memory: 73728 bytes [need 72K bytes if disable swap]

used block: 2 [memory(2) file(0)]
                 [ 8K(1) 64K(1) { total 72K bytes } ]
overhead: (9538) bytes for (2) blocks [Average: (4769) bytes/block]

write  => 0(times) 0K(bytes) [0K bytes to file]
read   => 1(times) 6K(bytes) [1K bytes compressed data from file]
access => 27821(times) 219M(bytes)
          [hit ratio: 99.9964%]

time: write(0) read(0)  unit: second

swap file directory: (/home/enrique.namigtle/Proyectos_UVM/Proj_vlsi_ipn/work/sim/verdiLog)
used swap file number: (1)



swap file manager:
arrSize: (256)
idxCnt: (3)
closeHead: (1)
closeTail: (2)
openCnt: (2)
fid(2): fd(24) fileName(/home/enrique.namigtle/Proyectos_UVM/Proj_vlsi_ipn/work/sim/verdiLog/_swap_0001#-1953111908#786604)
	size(0) lastModTime(0) curModTime(1752610071)
	mode(w+b)	hot(0) cool(1) pos(0)
fid(1): fd(1073741824) fileName(/home/enrique.namigtle/Proyectos_UVM/Proj_vlsi_ipn/work/sim/simv.daidir/kdb.elab++/work.lib++/tb_contador_gray_detector.v.tdc)
	size(2873) lastModTime(1752609911) curModTime(1752609911)
	mode(rb)	hot(2) cool(0) pos(0)
fid(0): fd(0) fileName(NULL)
	mode(NULL)	hot(0) cool(0) pos(0)
==================================================
mySelf(0x1cba6320) pre(0x1b5308c0) next((nil))
version(200506)
date(Aug 27 2024 02:37:11)
